New log file opened at Tue Jun 21 20:35:12 IDT 2016 by 3924@DESKTOP-NHTVPA8
Sending msg to client activator-66607514-bc7c-46f4-a1f5-24d7d61f1d5b: DetachedLogEvent(LogMessage(debug,sbt server socket logs are in: C:\playProjects\bigPandaExc\.sbtserver\connections\master.log))
Sending msg to client activator-66607514-bc7c-46f4-a1f5-24d7d61f1d5b: DetachedLogEvent(LogMessage(debug,sbt client logs are in: C:\playProjects\bigPandaExc\.sbtserver\connections\activator-66607514-bc7c-46f4-a1f5-24d7d61f1d5b.log))
Sending msg to client activator-66607514-bc7c-46f4-a1f5-24d7d61f1d5b: DetachedLogEvent(LogMessage(debug,sbt general server logs are in: C:\playProjects\bigPandaExc\.sbtserver\master.log))
Reading next message from client.
Got request: ListenToEvents()
Reading next message from client.
Sending msg to client activator-66607514-bc7c-46f4-a1f5-24d7d61f1d5b: DetachedLogEvent(LogMessage(debug,> --initialize))
Sending msg to client activator-66607514-bc7c-46f4-a1f5-24d7d61f1d5b: DetachedLogEvent(LogMessage(debug,> initialize))
Sending msg to client activator-66607514-bc7c-46f4-a1f5-24d7d61f1d5b: DetachedLogEvent(LogMessage(debug,> onFailure load-failed))
Sending msg to client activator-66607514-bc7c-46f4-a1f5-24d7d61f1d5b: DetachedLogEvent(LogMessage(debug,> boot))
Sending msg to client activator-66607514-bc7c-46f4-a1f5-24d7d61f1d5b: DetachedLogEvent(LogMessage(debug,> reload))
Sending msg to client activator-66607514-bc7c-46f4-a1f5-24d7d61f1d5b: DetachedLogEvent(LogMessage(debug,[Loading] Scanning directory C:\playProjects\bigPandaExc\project))
Sending msg to client activator-66607514-bc7c-46f4-a1f5-24d7d61f1d5b: DetachedLogEvent(LogMessage(error,[C:\playProjects\bigPandaExc\project\plugins.sbt]:11: unclosed string literal))
Sending msg to client activator-66607514-bc7c-46f4-a1f5-24d7d61f1d5b: DetachedLogEvent(LogMessage(debug,> load-failed))
Sending msg to client activator-66607514-bc7c-46f4-a1f5-24d7d61f1d5b: DetachedLogEvent(LogMessage(error,Failed to load project.))
Sending msg to client activator-66607514-bc7c-46f4-a1f5-24d7d61f1d5b: DetachedLogEvent(LogMessage(debug,> server-wait-for-reboot))
Sending msg to client activator-66607514-bc7c-46f4-a1f5-24d7d61f1d5b: (3,ReceivedResponse())
Client activator-66607514-bc7c-46f4-a1f5-24d7d61f1d5b closed, java.net.SocketException: Connection reset, shutting down
Stopping client.
Dropping message (0,ReceivedResponse()) to dead client activator-66607514-bc7c-46f4-a1f5-24d7d61f1d5b
Client activator-66607514-bc7c-46f4-a1f5-24d7d61f1d5b thread exiting.
