New log file opened at Tue Jun 21 20:35:09 IDT 2016 by 3924@DESKTOP-NHTVPA8
jvm 3924@DESKTOP-NHTVPA8
jvm vmName=Java HotSpot(TM) 64-Bit Server VM vmVendor=Oracle Corporation vmVersion=25.91-b15
jvm specName=Java Virtual Machine Specification specVendor=Oracle Corporation specVersion=1.8
jvm arguments: [-Xms256m, -Xmx1024m, -XX:MetaspaceSize=64m, -XX:MaxMetaspaceSize=256m]
Starting event engine
Starting sbt command engine
Waiting for sbt command engine
Command engine arguments=List()
Command engine baseDirectory=C:\playProjects\bigPandaExc
Command engine initial remaining commands List(--initialize, onFailure load-failed, boot, server-send-ready-for-request, server-handle-next-server-request)
> --initialize
> initialize
> onFailure load-failed
> boot
> reload
[Loading] Scanning directory C:\playProjects\bigPandaExc\project
[C:\playProjects\bigPandaExc\project\plugins.sbt]:11: unclosed string literal
> load-failed
Failed to load project.
> server-wait-for-reboot
Done executing sbt server engine, result Right(Exit(0))
Closing listening server socket
Waiting for socket thread
Waiting for request processor thread
Waiting for command engine result
Returning control to sbt launcher with result Exit(0)
Closing the 3924@DESKTOP-NHTVPA8 logs at Tue Jun 21 20:38:12 IDT 2016, goodbye.
